<?xml version="1.0" encoding="UTF-8"?>
<testsuite xmlns:xsi="http://www.w3.org/2001/XMLSchema-instance" xsi:noNamespaceSchemaLocation="https://maven.apache.org/surefire/maven-surefire-plugin/xsd/surefire-test-report-3.0.xsd" version="3.0" name="com.example.service.PrimeNumberTest" time="0.076" tests="2" errors="0" skipped="0" failures="0">
  <properties>
[...]
</properties>
  <testcase name="generate prime numbers up to 100" classname="com.example.service.PrimeNumberTest" time="0.053"/>
  <testcase name="is prime" classname="com.example.service.PrimeNumberTest" time="0.001"/>
</testsuite>